#
# A fatal error has been detected by the Java Runtime Environment:
#
#  EXCEPTION_ACCESS_VIOLATION (0xc0000005) at pc=0x00007ffb8bee0851, pid=15216, tid=0x00000000000031d4
#
# JRE version: OpenJDK Runtime Environment (8.0_345-b01) (build 1.8.0_345-b01)
# Java VM: OpenJDK 64-Bit Server VM (25.345-b01 mixed mode windows-amd64 compressed oops)
# Problematic frame:
# C  [igxelpicd64.dll+0x260851]
#
# Failed to write core dump. Minidumps are not enabled by default on client versions of Windows
#
# If you would like to submit a bug report, please visit:
#   https://github.com/adoptium/adoptium-support/issues
#

---------------  T H R E A D  ---------------

Current thread (0x000001fdaa310800):  VMThread [stack: 0x00000010f6600000,0x00000010f6700000] [id=12756]

siginfo: ExceptionCode=0xc0000005, reading address 0x00000000000356f8

Registers:
RAX=0x000001fdafae09f8, RBX=0x000001fdafae0ec0, RCX=0x0000000000000000, RDX=0x0000000000000000
RSP=0x00000010f66fea90, RBP=0x000001fdafae4400, RSI=0x000001fdafae08f0, RDI=0x000001fdaf0f56d0
R8 =0x0000000000000014, R9 =0x0000000000000000, R10=0x0000000000000000, R11=0x0000000000000246
R12=0x0000000000000016, R13=0x0000000000000000, R14=0x0000000000000000, R15=0x0000000000000000
RIP=0x00007ffb8bee0851, EFLAGS=0x0000000000010202

Top of Stack: (sp=0x00000010f66fea90)
0x00000010f66fea90:   000001fdae824460 00007ffc26501070
0x00000010f66feaa0:   01450b0000000000 00007ffc27e90e34
0x00000010f66feab0:   01498c5201132252 200004147a000204
0x00000010f66feac0:   0000000000000000 0000000000000000
0x00000010f66fead0:   000001fdafc9d0b8 00000000000018c1
0x00000010f66feae0:   0000000000000000 000000000000000e
0x00000010f66feaf0:   0000000000000000 0000000000000000
0x00000010f66feb00:   00000010f66fec10 00007ffb8bcf3b7c
0x00000010f66feb10:   000001fd00000016 000001fdae824460
0x00000010f66feb20:   000001fdaf0f56d0 0000000000000000
0x00000010f66feb30:   000000100000763c 0000b80200000000
0x00000010f66feb40:   0000000000000000 000010027a000004
0x00000010f66feb50:   01e9638c010e548c 0000000000000000
0x00000010f66feb60:   000000007a000004 0122969100c86791
0x00000010f66feb70:   0000000000000000 00007ffb8bf0c69f
0x00000010f66feb80:   0000000000000000 00007ffb8bee6cbe 

Instructions: (pc=0x00007ffb8bee0851)
0x00007ffb8bee0831:   18 01 00 00 48 8d 04 d5 21 00 00 00 48 03 c2 48
0x00007ffb8bee0841:   8d 04 c6 48 85 c0 0f 84 70 01 00 00 48 8b 48 08
0x00007ffb8bee0851:   49 3b 8e f8 56 03 00 0f 87 e9 02 00 00 48 83 be
0x00007ffb8bee0861:   48 06 00 00 00 0f 85 29 49 72 00 44 8b 97 c8 01 


Register to memory mapping:

RAX=0x000001fdafae09f8 is an unknown value
RBX=0x000001fdafae0ec0 is an unknown value
RCX=0x0000000000000000 is an unknown value
RDX=0x0000000000000000 is an unknown value
RSP=0x00000010f66fea90 is an unknown value
RBP=0x000001fdafae4400 is an unknown value
RSI=0x000001fdafae08f0 is an unknown value
RDI=0x000001fdaf0f56d0 is an unknown value
R8 =0x0000000000000014 is an unknown value
R9 =0x0000000000000000 is an unknown value
R10=0x0000000000000000 is an unknown value
R11=0x0000000000000246 is an unknown value
R12=0x0000000000000016 is an unknown value
R13=0x0000000000000000 is an unknown value
R14=0x0000000000000000 is an unknown value
R15=0x0000000000000000 is an unknown value


Stack: [0x00000010f6600000,0x00000010f6700000],  sp=0x00000010f66fea90,  free space=1018k
Native frames: (J=compiled Java code, j=interpreted, Vv=VM code, C=native code)
C  [igxelpicd64.dll+0x260851]
C  [igxelpicd64.dll+0x73b7c]
C  [igxelpicd64.dll+0x2be5ef]
C  [igxelpicd64.dll+0x158f3e]
C  [igxelpicd64.dll+0x2ae92b]
C  [igxelpicd64.dll+0x2aeacb]
C  [igxelpicd64.dll+0x2aa61f]
C  [igxelpicd64.dll+0x2aa454]
C  [igxelpicd64.dll+0x780deb]
C  [ntdll.dll+0x19a1d]
C  [ntdll.dll+0x5dbe1]
C  [ntdll.dll+0x5da7d]
C  [KERNEL32.DLL+0x1e0ab]
C  [msvcr120.dll+0x229a7]
V  [jvm.dll+0x1e5465]
V  [jvm.dll+0x2209f4]
V  [jvm.dll+0x21f076]
V  [jvm.dll+0x21f7af]
V  [jvm.dll+0x21fbbd]
V  [jvm.dll+0x26b92a]
C  [msvcr120.dll+0x24f7f]
C  [msvcr120.dll+0x25126]
C  [KERNEL32.DLL+0x17034]
C  [ntdll.dll+0x526a1]

VM_Operation (0x00000010f5dfecf0): Exit, mode: safepoint, requested by thread 0x000001fd8f8bd000


---------------  P R O C E S S  ---------------

Java Threads: ( => current thread )
  0x000001fdacf43800 JavaThread "com.google.inject.internal.util.$Finalizer" daemon [_thread_blocked, id=7176, stack(0x00000010f7200000,0x00000010f7300000)]
  0x000001fdacd17800 JavaThread "EMF Reference Cleaner" daemon [_thread_blocked, id=10480, stack(0x00000010f7100000,0x00000010f7200000)]
  0x000001fdac208000 JavaThread "Service Thread" daemon [_thread_blocked, id=13156, stack(0x00000010f6f00000,0x00000010f7000000)]
  0x000001fdaa388000 JavaThread "C1 CompilerThread3" daemon [_thread_blocked, id=15764, stack(0x00000010f6e00000,0x00000010f6f00000)]
  0x000001fdaa387800 JavaThread "C2 CompilerThread2" daemon [_thread_blocked, id=1756, stack(0x00000010f6d00000,0x00000010f6e00000)]
  0x000001fdaa386800 JavaThread "C2 CompilerThread1" daemon [_thread_blocked, id=14636, stack(0x00000010f6c00000,0x00000010f6d00000)]
  0x000001fdaa38a800 JavaThread "C2 CompilerThread0" daemon [_thread_blocked, id=12744, stack(0x00000010f6b00000,0x00000010f6c00000)]
  0x000001fdaa376000 JavaThread "Attach Listener" daemon [_thread_blocked, id=6360, stack(0x00000010f6a00000,0x00000010f6b00000)]
  0x000001fdaa36d000 JavaThread "Signal Dispatcher" daemon [_thread_blocked, id=2192, stack(0x00000010f6900000,0x00000010f6a00000)]
  0x000001fdaa342000 JavaThread "Finalizer" daemon [_thread_blocked, id=9092, stack(0x00000010f6800000,0x00000010f6900000)]
  0x000001fdaa33b000 JavaThread "Reference Handler" daemon [_thread_blocked, id=152, stack(0x00000010f6700000,0x00000010f6800000)]
  0x000001fd8f8bd000 JavaThread "main" [_thread_blocked, id=3008, stack(0x00000010f5d00000,0x00000010f5e00000)]

Other Threads:
=>0x000001fdaa310800 VMThread [stack: 0x00000010f6600000,0x00000010f6700000] [id=12756]

VM state:at safepoint (shutting down)

VM Mutex/Monitor currently owned by a thread:  ([mutex/lock_event])
[0x000001fd8f8ba4d0] Threads_lock - owner thread: 0x000001fdaa310800

heap address: 0x00000006c4400000, size: 4028 MB, Compressed Oops mode: Zero based, Oop shift amount: 3
Narrow klass base: 0x0000000000000000, Narrow klass shift: 3
Compressed class space size: 1073741824 Address: 0x00000007c0000000

Heap:
 PSYoungGen      total 179200K, used 26476K [0x000000076c180000, 0x000000077cb00000, 0x00000007c0000000)
  eden space 176128K, 13% used [0x000000076c180000,0x000000076d88f7a8,0x0000000776d80000)
  from space 3072K, 93% used [0x000000077c800000,0x000000077cacbad8,0x000000077cb00000)
  to   space 10752K, 0% used [0x000000077b600000,0x000000077b600000,0x000000077c080000)
 ParOldGen       total 137216K, used 86742K [0x00000006c4400000, 0x00000006cca00000, 0x000000076c180000)
  object space 137216K, 63% used [0x00000006c4400000,0x00000006c98b5808,0x00000006cca00000)
 Metaspace       used 24213K, capacity 24487K, committed 24832K, reserved 1071104K
  class space    used 2893K, capacity 2960K, committed 3072K, reserved 1048576K

Card table byte_map: [0x000001fda0600000,0x000001fda0de0000] byte_map_base: 0x000001fd9cfde000

Marking Bits: (ParMarkBitMap*) 0x00000000730d2850
 Begin Bits: [0x000001fda1320000, 0x000001fda5210000)
 End Bits:   [0x000001fda5210000, 0x000001fda9100000)

Polling page: 0x000001fd8f9e0000

CodeCache: size=245760Kb used=14433Kb max_used=14437Kb free=231326Kb
 bounds [0x000001fd91240000, 0x000001fd92070000, 0x000001fda0240000]
 total_blobs=4871 nmethods=4278 adapters=504
 compilation: enabled

Compilation events (10 events):
Event: 4.654 Thread 0x000001fdaa388000 4298       3       java.nio.HeapCharBuffer::<init> (14 bytes)
Event: 4.654 Thread 0x000001fdaa388000 nmethod 4298 0x000001fd92031550 code [0x000001fd920316c0, 0x000001fd92031910]
Event: 4.655 Thread 0x000001fdaa388000 4300       3       java.nio.ByteBuffer::hasArray (20 bytes)
Event: 4.655 Thread 0x000001fdaa388000 nmethod 4300 0x000001fd9201b6d0 code [0x000001fd9201b820, 0x000001fd9201ba18]
Event: 4.655 Thread 0x000001fdaa388000 4301       3       java.nio.CharBuffer::array (35 bytes)
Event: 4.656 Thread 0x000001fdaa388000 nmethod 4301 0x000001fd92060f10 code [0x000001fd920610a0, 0x000001fd920613c0]
Event: 4.656 Thread 0x000001fdaa388000 4302       3       sun.nio.cs.UTF_8::access$200 (8 bytes)
Event: 4.656 Thread 0x000001fdaa388000 nmethod 4302 0x000001fd92053310 code [0x000001fd920534a0, 0x000001fd92053940]
Event: 4.656 Thread 0x000001fdaa388000 4303       3       sun.nio.cs.UTF_8::updatePositions (23 bytes)
Event: 4.656 Thread 0x000001fdaa388000 nmethod 4303 0x000001fd92052bd0 code [0x000001fd92052d60, 0x000001fd920531a0]

GC Heap History (10 events):
Event: 0.743 GC heap before
{Heap before GC invocations=1 (full 0):
 PSYoungGen      total 75264K, used 64512K [0x000000076c180000, 0x0000000771580000, 0x00000007c0000000)
  eden space 64512K, 100% used [0x000000076c180000,0x0000000770080000,0x0000000770080000)
  from space 10752K, 0% used [0x0000000770b00000,0x0000000770b00000,0x0000000771580000)
  to   space 10752K, 0% used [0x0000000770080000,0x0000000770080000,0x0000000770b00000)
 ParOldGen       total 172032K, used 0K [0x00000006c4400000, 0x00000006cec00000, 0x000000076c180000)
  object space 172032K, 0% used [0x00000006c4400000,0x00000006c4400000,0x00000006cec00000)
 Metaspace       used 8620K, capacity 8680K, committed 8832K, reserved 1056768K
  class space    used 1030K, capacity 1076K, committed 1152K, reserved 1048576K
Event: 0.751 GC heap after
Heap after GC invocations=1 (full 0):
 PSYoungGen      total 75264K, used 10732K [0x000000076c180000, 0x0000000775480000, 0x00000007c0000000)
  eden space 64512K, 0% used [0x000000076c180000,0x000000076c180000,0x0000000770080000)
  from space 10752K, 99% used [0x0000000770080000,0x0000000770afb178,0x0000000770b00000)
  to   space 10752K, 0% used [0x0000000774a00000,0x0000000774a00000,0x0000000775480000)
 ParOldGen       total 172032K, used 4509K [0x00000006c4400000, 0x00000006cec00000, 0x000000076c180000)
  object space 172032K, 2% used [0x00000006c4400000,0x00000006c48674c0,0x00000006cec00000)
 Metaspace       used 8620K, capacity 8680K, committed 8832K, reserved 1056768K
  class space    used 1030K, capacity 1076K, committed 1152K, reserved 1048576K
}
Event: 1.397 GC heap before
{Heap before GC invocations=2 (full 0):
 PSYoungGen      total 75264K, used 75244K [0x000000076c180000, 0x0000000775480000, 0x00000007c0000000)
  eden space 64512K, 100% used [0x000000076c180000,0x0000000770080000,0x0000000770080000)
  from space 10752K, 99% used [0x0000000770080000,0x0000000770afb178,0x0000000770b00000)
  to   space 10752K, 0% used [0x0000000774a00000,0x0000000774a00000,0x0000000775480000)
 ParOldGen       total 172032K, used 4509K [0x00000006c4400000, 0x00000006cec00000, 0x000000076c180000)
  object space 172032K, 2% used [0x00000006c4400000,0x00000006c48674c0,0x00000006cec00000)
 Metaspace       used 15452K, capacity 15626K, committed 15872K, reserved 1062912K
  class space    used 1979K, capacity 2015K, committed 2048K, reserved 1048576K
Event: 1.409 GC heap after
Heap after GC invocations=2 (full 0):
 PSYoungGen      total 139776K, used 10720K [0x000000076c180000, 0x0000000775480000, 0x00000007c0000000)
  eden space 129024K, 0% used [0x000000076c180000,0x000000076c180000,0x0000000773f80000)
  from space 10752K, 99% used [0x0000000774a00000,0x0000000775478078,0x0000000775480000)
  to   space 10752K, 0% used [0x0000000773f80000,0x0000000773f80000,0x0000000774a00000)
 ParOldGen       total 172032K, used 17627K [0x00000006c4400000, 0x00000006cec00000, 0x000000076c180000)
  object space 172032K, 10% used [0x00000006c4400000,0x00000006c5536fe0,0x00000006cec00000)
 Metaspace       used 15452K, capacity 15626K, committed 15872K, reserved 1062912K
  class space    used 1979K, capacity 2015K, committed 2048K, reserved 1048576K
}
Event: 2.475 GC heap before
{Heap before GC invocations=3 (full 0):
 PSYoungGen      total 139776K, used 119316K [0x000000076c180000, 0x0000000775480000, 0x00000007c0000000)
  eden space 129024K, 84% used [0x000000076c180000,0x0000000772b8d208,0x0000000773f80000)
  from space 10752K, 99% used [0x0000000774a00000,0x0000000775478078,0x0000000775480000)
  to   space 10752K, 0% used [0x0000000773f80000,0x0000000773f80000,0x0000000774a00000)
 ParOldGen       total 172032K, used 17627K [0x00000006c4400000, 0x00000006cec00000, 0x000000076c180000)
  object space 172032K, 10% used [0x00000006c4400000,0x00000006c5536fe0,0x00000006cec00000)
 Metaspace       used 20830K, capacity 21102K, committed 21248K, reserved 1067008K
  class space    used 2617K, capacity 2697K, committed 2816K, reserved 1048576K
Event: 2.486 GC heap after
Heap after GC invocations=3 (full 0):
 PSYoungGen      total 139776K, used 10720K [0x000000076c180000, 0x000000077d280000, 0x00000007c0000000)
  eden space 129024K, 0% used [0x000000076c180000,0x000000076c180000,0x0000000773f80000)
  from space 10752K, 99% used [0x0000000773f80000,0x00000007749f8078,0x0000000774a00000)
  to   space 10752K, 0% used [0x000000077c800000,0x000000077c800000,0x000000077d280000)
 ParOldGen       total 172032K, used 24619K [0x00000006c4400000, 0x00000006cec00000, 0x000000076c180000)
  object space 172032K, 14% used [0x00000006c4400000,0x00000006c5c0ad20,0x00000006cec00000)
 Metaspace       used 20830K, capacity 21102K, committed 21248K, reserved 1067008K
  class space    used 2617K, capacity 2697K, committed 2816K, reserved 1048576K
}
Event: 2.486 GC heap before
{Heap before GC invocations=4 (full 1):
 PSYoungGen      total 139776K, used 10720K [0x000000076c180000, 0x000000077d280000, 0x00000007c0000000)
  eden space 129024K, 0% used [0x000000076c180000,0x000000076c180000,0x0000000773f80000)
  from space 10752K, 99% used [0x0000000773f80000,0x00000007749f8078,0x0000000774a00000)
  to   space 10752K, 0% used [0x000000077c800000,0x000000077c800000,0x000000077d280000)
 ParOldGen       total 172032K, used 24619K [0x00000006c4400000, 0x00000006cec00000, 0x000000076c180000)
  object space 172032K, 14% used [0x00000006c4400000,0x00000006c5c0ad20,0x00000006cec00000)
 Metaspace       used 20830K, capacity 21102K, committed 21248K, reserved 1067008K
  class space    used 2617K, capacity 2697K, committed 2816K, reserved 1048576K
Event: 2.531 GC heap after
Heap after GC invocations=4 (full 1):
 PSYoungGen      total 139776K, used 0K [0x000000076c180000, 0x000000077d280000, 0x00000007c0000000)
  eden space 129024K, 0% used [0x000000076c180000,0x000000076c180000,0x0000000773f80000)
  from space 10752K, 0% used [0x0000000773f80000,0x0000000773f80000,0x0000000774a00000)
  to   space 10752K, 0% used [0x000000077c800000,0x000000077c800000,0x000000077d280000)
 ParOldGen       total 137216K, used 21165K [0x00000006c4400000, 0x00000006cca00000, 0x000000076c180000)
  object space 137216K, 15% used [0x00000006c4400000,0x00000006c58ab7e8,0x00000006cca00000)
 Metaspace       used 20830K, capacity 21102K, committed 21248K, reserved 1067008K
  class space    used 2617K, capacity 2697K, committed 2816K, reserved 1048576K
}
Event: 4.550 GC heap before
{Heap before GC invocations=5 (full 1):
 PSYoungGen      total 139776K, used 129024K [0x000000076c180000, 0x000000077d280000, 0x00000007c0000000)
  eden space 129024K, 100% used [0x000000076c180000,0x0000000773f80000,0x0000000773f80000)
  from space 10752K, 0% used [0x0000000773f80000,0x0000000773f80000,0x0000000774a00000)
  to   space 10752K, 0% used [0x000000077c800000,0x000000077c800000,0x000000077d280000)
 ParOldGen       total 137216K, used 86701K [0x00000006c4400000, 0x00000006cca00000, 0x000000076c180000)
  object space 137216K, 63% used [0x00000006c4400000,0x00000006c98ab7f8,0x00000006cca00000)
 Metaspace       used 24097K, capacity 24347K, committed 24576K, reserved 1071104K
  class space    used 2878K, capacity 2958K, committed 3072K, reserved 1048576K
Event: 4.552 GC heap after
Heap after GC invocations=5 (full 1):
 PSYoungGen      total 179200K, used 2862K [0x000000076c180000, 0x000000077cb00000, 0x00000007c0000000)
  eden space 176128K, 0% used [0x000000076c180000,0x000000076c180000,0x0000000776d80000)
  from space 3072K, 93% used [0x000000077c800000,0x000000077cacbad8,0x000000077cb00000)
  to   space 10752K, 0% used [0x000000077b600000,0x000000077b600000,0x000000077c080000)
 ParOldGen       total 137216K, used 86742K [0x00000006c4400000, 0x00000006cca00000, 0x000000076c180000)
  object space 137216K, 63% used [0x00000006c4400000,0x00000006c98b5808,0x00000006cca00000)
 Metaspace       used 24097K, capacity 24347K, committed 24576K, reserved 1071104K
  class space    used 2878K, capacity 2958K, committed 3072K, reserved 1048576K
}

Deoptimization events (10 events):
Event: 3.384 Thread 0x000001fdad23c800 Uncommon trap: reason=unstable_if action=reinterpret pc=0x000001fd91f68c04 method=javazoom.jl.decoder.LayerIIIDecoder.hybrid(II)V @ 32
Event: 3.395 Thread 0x000001fdad23c800 Uncommon trap: reason=unstable_if action=reinterpret pc=0x000001fd91f72f8c method=javazoom.jl.decoder.OutputBuffer.clip(F)S @ 4
Event: 4.496 Thread 0x000001fdad23c800 Uncommon trap: reason=unstable_if action=reinterpret pc=0x000001fd91fd3da4 method=java.io.BufferedInputStream.read1([BII)I @ 60
Event: 4.496 Thread 0x000001fdad23c800 Uncommon trap: reason=unstable_if action=reinterpret pc=0x000001fd9137a5ec method=javazoom.jl.decoder.Bitstream.readBytes([BII)I @ 22
Event: 4.496 Thread 0x000001fdad23c800 Uncommon trap: reason=unstable_if action=reinterpret pc=0x000001fd91fba3a8 method=javazoom.jl.decoder.LayerIIIDecoder.decode()V @ 150
Event: 4.497 Thread 0x000001fdad23c800 Uncommon trap: reason=unstable_if action=reinterpret pc=0x000001fd91351b00 method=javazoom.jl.decoder.Bitstream.readBytes([BII)I @ 22
Event: 4.497 Thread 0x000001fdad23c800 Uncommon trap: reason=uninitialized action=reinterpret pc=0x000001fd91356f38 method=javazoom.jl.decoder.Bitstream.readFrame()Ljavazoom/jl/decoder/Header; @ 33
Event: 4.635 Thread 0x000001fdad23c800 Uncommon trap: reason=unstable_if action=reinterpret pc=0x000001fd91dc9f1c method=org.uqbar.project.wollok.model.WMethodContainerExtensions.matches(Lorg/uqbar/project/wollok/wollokDsl/WMethodDeclaration;Ljava/lang/String;IZ)Z @ 7
Event: 4.640 Thread 0x000001fdad23c800 Uncommon trap: reason=bimorphic action=maybe_recompile pc=0x000001fd91e24944 method=com.google.common.collect.Iterators.addAll(Ljava/util/Collection;Ljava/util/Iterator;)Z @ 13
Event: 4.653 Thread 0x000001fdad23c800 Uncommon trap: reason=unstable_if action=reinterpret pc=0x000001fd91ff9028 method=java.util.HashMap$HashIterator.<init>(Ljava/util/HashMap;)V @ 45

Classes redefined (0 events):
No events

Internal exceptions (10 events):
Event: 2.071 Thread 0x000001fd8f8bd000 Exception <a 'java/lang/reflect/InvocationTargetException'> (0x000000076f1d20e0) thrown at [J:\jenkins\tmp\workspace\build\src\hotspot\src\share\vm\runtime\reflection.cpp, line 1092]
Event: 2.072 Thread 0x000001fd8f8bd000 Exception <a 'java/lang/reflect/InvocationTargetException'> (0x000000076f1ddc18) thrown at [J:\jenkins\tmp\workspace\build\src\hotspot\src\share\vm\runtime\reflection.cpp, line 1092]
Event: 2.072 Thread 0x000001fd8f8bd000 Exception <a 'java/lang/reflect/InvocationTargetException'> (0x000000076f1ebf38) thrown at [J:\jenkins\tmp\workspace\build\src\hotspot\src\share\vm\runtime\reflection.cpp, line 1092]
Event: 2.786 Thread 0x000001fd8f8bd000 Exception <a 'java/security/PrivilegedActionException'> (0x000000076cba9d98) thrown at [J:\jenkins\tmp\workspace\build\src\hotspot\src\share\vm\prims\jvm.cpp, line 1524]
Event: 2.786 Thread 0x000001fd8f8bd000 Exception <a 'java/security/PrivilegedActionException'> (0x000000076cbab2c8) thrown at [J:\jenkins\tmp\workspace\build\src\hotspot\src\share\vm\prims\jvm.cpp, line 1524]
Event: 2.786 Thread 0x000001fd8f8bd000 Exception <a 'java/security/PrivilegedActionException'> (0x000000076cbac6f8) thrown at [J:\jenkins\tmp\workspace\build\src\hotspot\src\share\vm\prims\jvm.cpp, line 1524]
Event: 2.786 Thread 0x000001fd8f8bd000 Exception <a 'java/security/PrivilegedActionException'> (0x000000076cbaddb8) thrown at [J:\jenkins\tmp\workspace\build\src\hotspot\src\share\vm\prims\jvm.cpp, line 1524]
Event: 2.786 Thread 0x000001fd8f8bd000 Exception <a 'java/security/PrivilegedActionException'> (0x000000076cbaf1b0) thrown at [J:\jenkins\tmp\workspace\build\src\hotspot\src\share\vm\prims\jvm.cpp, line 1524]
Event: 2.786 Thread 0x000001fd8f8bd000 Exception <a 'java/security/PrivilegedActionException'> (0x000000076cbb0578) thrown at [J:\jenkins\tmp\workspace\build\src\hotspot\src\share\vm\prims\jvm.cpp, line 1524]
Event: 3.100 Thread 0x000001fdad23c800 Implicit null exception at 0x000001fd9160144c to 0x000001fd91601ca5

Events (10 events):
Event: 4.655 Thread 0x000001fdad23c800 Thread exited: 0x000001fdad23c800
Event: 4.656 loading class org/uqbar/project/wollok/interpreter/WollokInterpreter$3
Event: 4.656 loading class org/uqbar/project/wollok/interpreter/WollokInterpreter$3 done
Event: 4.656 loading class java/util/IdentityHashMap$KeyIterator
Event: 4.656 loading class java/util/IdentityHashMap$KeyIterator done
Event: 4.656 Thread 0x000001fdad23c800 Thread added: 0x000001fdad23c800
Event: 4.657 Thread 0x000001fdaf1b9000 Thread added: 0x000001fdaf1b9000
Event: 4.657 Thread 0x000001fdaf1b9000 Thread exited: 0x000001fdaf1b9000
Event: 4.676 Thread 0x000001fdad23c800 Thread exited: 0x000001fdad23c800
Event: 4.676 Executing VM operation: Exit


Dynamic libraries:
0x00007ff6257d0000 - 0x00007ff62580a000 	C:\Program Files\Eclipse Adoptium\jdk-8.0.345.1-hotspot\bin\javaw.exe
0x00007ffc27df0000 - 0x00007ffc27fe8000 	C:\Windows\SYSTEM32\ntdll.dll
0x00007ffc263b0000 - 0x00007ffc2646d000 	C:\Windows\System32\KERNEL32.DLL
0x00007ffc25ac0000 - 0x00007ffc25d8e000 	C:\Windows\System32\KERNELBASE.dll
0x00007ffc27c90000 - 0x00007ffc27d3e000 	C:\Windows\System32\ADVAPI32.dll
0x00007ffc273a0000 - 0x00007ffc2743e000 	C:\Windows\System32\msvcrt.dll
0x00007ffc27470000 - 0x00007ffc2750c000 	C:\Windows\System32\sechost.dll
0x00007ffc27580000 - 0x00007ffc276a5000 	C:\Windows\System32\RPCRT4.dll
0x00007ffc26470000 - 0x00007ffc26610000 	C:\Windows\System32\USER32.dll
0x00007ffc256b0000 - 0x00007ffc256d2000 	C:\Windows\System32\win32u.dll
0x00007ffc27970000 - 0x00007ffc2799a000 	C:\Windows\System32\GDI32.dll
0x00007ffc256e0000 - 0x00007ffc257eb000 	C:\Windows\System32\gdi32full.dll
0x00007ffc25510000 - 0x00007ffc255ad000 	C:\Windows\System32\msvcp_win.dll
0x00007ffc255b0000 - 0x00007ffc256b0000 	C:\Windows\System32\ucrtbase.dll
0x00007ffc0e0d0000 - 0x00007ffc0e36a000 	C:\Windows\WinSxS\amd64_microsoft.windows.common-controls_6595b64144ccf1df_6.0.19041.1110_none_60b5254171f9507e\COMCTL32.dll
0x00007ffc27440000 - 0x00007ffc27470000 	C:\Windows\System32\IMM32.DLL
0x00007ffbb4f10000 - 0x00007ffbb4fff000 	C:\Program Files\Eclipse Adoptium\jdk-8.0.345.1-hotspot\jre\bin\msvcr120.dll
0x00007ffbb4790000 - 0x00007ffbb4836000 	C:\Program Files\Eclipse Adoptium\jdk-8.0.345.1-hotspot\jre\bin\msvcp120.dll
0x00000000728e0000 - 0x0000000073151000 	C:\Program Files\Eclipse Adoptium\jdk-8.0.345.1-hotspot\jre\bin\server\jvm.dll
0x00007ffc27260000 - 0x00007ffc27268000 	C:\Windows\System32\PSAPI.DLL
0x00007ffc1ef00000 - 0x00007ffc1ef09000 	C:\Windows\SYSTEM32\WSOCK32.dll
0x00007ffc27510000 - 0x00007ffc2757b000 	C:\Windows\System32\WS2_32.dll
0x00007ffc0b370000 - 0x00007ffc0b397000 	C:\Windows\SYSTEM32\WINMM.dll
0x00007ffc1c980000 - 0x00007ffc1c98a000 	C:\Windows\SYSTEM32\VERSION.dll
0x00007ffc1b0a0000 - 0x00007ffc1b0af000 	C:\Program Files\Eclipse Adoptium\jdk-8.0.345.1-hotspot\jre\bin\verify.dll
0x00007ffbe4aa0000 - 0x00007ffbe4ac9000 	C:\Program Files\Eclipse Adoptium\jdk-8.0.345.1-hotspot\jre\bin\java.dll
0x00007ffbe4080000 - 0x00007ffbe4096000 	C:\Program Files\Eclipse Adoptium\jdk-8.0.345.1-hotspot\jre\bin\zip.dll
0x00007ffc26610000 - 0x00007ffc26d53000 	C:\Windows\System32\SHELL32.dll
0x00007ffc235a0000 - 0x00007ffc23d35000 	C:\Windows\SYSTEM32\windows.storage.dll
0x00007ffc25f70000 - 0x00007ffc262c4000 	C:\Windows\System32\combase.dll
0x00007ffc24f70000 - 0x00007ffc24fa0000 	C:\Windows\SYSTEM32\Wldp.dll
0x00007ffc27ae0000 - 0x00007ffc27b8d000 	C:\Windows\System32\SHCORE.dll
0x00007ffc276b0000 - 0x00007ffc27705000 	C:\Windows\System32\shlwapi.dll
0x00007ffc25450000 - 0x00007ffc2546f000 	C:\Windows\SYSTEM32\profapi.dll
0x0000000065580000 - 0x0000000065616000 	C:\Users\DELL\AppData\Local\Temp\libgdxDELL\12dfaa03\gdx64.dll
0x00007ffc24ec0000 - 0x00007ffc24ed8000 	C:\Windows\SYSTEM32\CRYPTSP.dll
0x00007ffc245b0000 - 0x00007ffc245e4000 	C:\Windows\system32\rsaenh.dll
0x00007ffc25d90000 - 0x00007ffc25db7000 	C:\Windows\System32\bcrypt.dll
0x00007ffc25410000 - 0x00007ffc2543e000 	C:\Windows\SYSTEM32\USERENV.dll
0x00007ffc25dc0000 - 0x00007ffc25e42000 	C:\Windows\System32\bcryptprimitives.dll
0x00007ffc24ee0000 - 0x00007ffc24eec000 	C:\Windows\SYSTEM32\CRYPTBASE.dll
0x00007ffbdc030000 - 0x00007ffbdc04a000 	C:\Program Files\Eclipse Adoptium\jdk-8.0.345.1-hotspot\jre\bin\net.dll
0x00007ffc24cd0000 - 0x00007ffc24d3a000 	C:\Windows\system32\mswsock.dll
0x00007ffc24970000 - 0x00007ffc249ab000 	C:\Windows\SYSTEM32\IPHLPAPI.DLL
0x00007ffc27ad0000 - 0x00007ffc27ad8000 	C:\Windows\System32\NSI.dll
0x00007ffc1ddd0000 - 0x00007ffc1dde7000 	C:\Windows\SYSTEM32\dhcpcsvc6.DLL
0x00007ffc1e040000 - 0x00007ffc1e05d000 	C:\Windows\SYSTEM32\dhcpcsvc.DLL
0x00007ffc249b0000 - 0x00007ffc24a7a000 	C:\Windows\SYSTEM32\DNSAPI.dll
0x00007ffbda990000 - 0x00007ffbda9a2000 	C:\Program Files\Eclipse Adoptium\jdk-8.0.345.1-hotspot\jre\bin\nio.dll
0x0000000180000000 - 0x0000000180053000 	C:\Users\DELL\AppData\Local\Temp\libgdxDELL\dc0f0009\lwjgl64.dll
0x00007ffba52c0000 - 0x00007ffba53e7000 	C:\Windows\SYSTEM32\OPENGL32.dll
0x00007ffc184c0000 - 0x00007ffc184ec000 	C:\Windows\SYSTEM32\GLU32.dll
0x000001fdb0e90000 - 0x000001fdb0ef4000 	C:\Users\DELL\AppData\Local\Temp\libgdxDELL\dc0f0009\OpenAL64.dll
0x00007ffc279a0000 - 0x00007ffc27aca000 	C:\Windows\System32\ole32.dll
0x00007ffc23d50000 - 0x00007ffc23d62000 	C:\Windows\SYSTEM32\kernel.appcore.dll
0x00007ffc22ae0000 - 0x00007ffc22b7e000 	C:\Windows\system32\uxtheme.dll
0x00007ffc278c0000 - 0x00007ffc27969000 	C:\Windows\System32\clbcatq.dll
0x00007ffbac370000 - 0x00007ffbac40c000 	C:\Windows\SYSTEM32\dsound.dll
0x00007ffc24ad0000 - 0x00007ffc24b1b000 	C:\Windows\SYSTEM32\powrprof.dll
0x00007ffc0b9b0000 - 0x00007ffc0b9d6000 	C:\Windows\SYSTEM32\winmmbase.dll
0x00007ffc24950000 - 0x00007ffc24962000 	C:\Windows\SYSTEM32\UMPDC.dll
0x00007ffc1e610000 - 0x00007ffc1e695000 	C:\Windows\System32\MMDevApi.dll
0x00007ffc252c0000 - 0x00007ffc252ec000 	C:\Windows\System32\DEVOBJ.dll
0x00007ffc25a70000 - 0x00007ffc25abe000 	C:\Windows\System32\cfgmgr32.dll
0x00007ffc1e6a0000 - 0x00007ffc1e822000 	C:\Windows\SYSTEM32\AUDIOSES.DLL
0x00007ffc272d0000 - 0x00007ffc2739d000 	C:\Windows\System32\OLEAUT32.dll
0x00007ffc22bf0000 - 0x00007ffc22c04000 	C:\Windows\SYSTEM32\resourcepolicyclient.dll
0x00007ffc1fc40000 - 0x00007ffc1fcee000 	C:\Windows\SYSTEM32\mscms.dll
0x00007ffc1fbd0000 - 0x00007ffc1fbe1000 	C:\Windows\SYSTEM32\ColorAdapterClient.dll
0x00007ffc075b0000 - 0x00007ffc075f3000 	C:\Windows\System32\Windows.Internal.Graphics.Display.DisplayColorManagement.dll
0x00007ffc25e50000 - 0x00007ffc25f65000 	C:\Windows\System32\MSCTF.dll
0x00007ffc1d0e0000 - 0x00007ffc1d1d7000 	C:\Windows\System32\AppXDeploymentClient.dll
0x00007ffb8bc80000 - 0x00007ffb8cc60000 	C:\Windows\System32\DriverStore\FileRepository\iigd_dch.inf_amd64_ebf638e0a8a70542\igxelpicd64.dll
0x00007ffc22cf0000 - 0x00007ffc22d1f000 	C:\Windows\system32\dwmapi.dll
0x00007ffc23ee0000 - 0x00007ffc23fd3000 	C:\Windows\system32\dxgi.dll
0x00007ffba3950000 - 0x00007ffba3c37000 	C:\Windows\System32\DriverStore\FileRepository\iigd_dch.inf_amd64_ebf638e0a8a70542\igdml64.dll
0x00007ffc04b20000 - 0x00007ffc04ee7000 	C:\Windows\System32\DriverStore\FileRepository\iigd_dch.inf_amd64_ebf638e0a8a70542\igdgmm64.dll
0x00007ffc16fd0000 - 0x00007ffc170c9000 	C:\Windows\SYSTEM32\textinputframework.dll
0x00007ffc227f0000 - 0x00007ffc228e2000 	C:\Windows\System32\CoreMessaging.dll
0x00007ffc22010000 - 0x00007ffc2236e000 	C:\Windows\System32\CoreUIComponents.dll
0x00007ffc241d0000 - 0x00007ffc24203000 	C:\Windows\SYSTEM32\ntmarta.dll
0x00007ffc21cc0000 - 0x00007ffc21e14000 	C:\Windows\SYSTEM32\wintypes.dll
0x00007ffc1b900000 - 0x00007ffc1b966000 	C:\Windows\system32\Oleacc.dll
0x00007ffc128c0000 - 0x00007ffc12903000 	C:\Windows\SYSTEM32\icm32.dll
0x00007ffc01560000 - 0x00007ffc04b12000 	C:\Windows\System32\DriverStore\FileRepository\iigd_dch.inf_amd64_ebf638e0a8a70542\igc64.dll
0x00007ffc23130000 - 0x00007ffc23314000 	C:\Windows\SYSTEM32\dbghelp.dll

VM Arguments:
jvm_args: -Duser.language=es_AR -Dfile.encoding=UTF-8 
java_command: org.uqbar.project.wollok.launch.WollokLauncher -requestsPort 0 -eventsPort 0 -folder -dontValidate -wf src/juego.wpgm
java_class_path (initial): C:\Users\DELL\OneDrive\Escritorio\PdeP\2022-tpgame-commit\bin;C:\Users\DELL\Downloads\wollok-win32.win32.x86_64 (1)\plugins\com.ibm.icu_64.2.0.v20190507-1337.jar;C:\Users\DELL\Downloads\wollok-win32.win32.x86_64 (1)\plugins\org.eclipse.xtext_2.20.0.v20191202-0915.jar;C:\Users\DELL\Downloads\wollok-win32.win32.x86_64 (1)\plugins\org.eclipse.emf.ecore.xmi_2.16.0.v20190528-0725.jar;C:\Users\DELL\Downloads\wollok-win32.win32.x86_64 (1)\plugins\org.eclipse.emf.ecore_2.20.0.v20190920-0401.jar;C:\Users\DELL\Downloads\wollok-win32.win32.x86_64 (1)\plugins\org.eclipse.emf.common_2.17.0.v20190920-0401.jar;C:\Users\DELL\Downloads\wollok-win32.win32.x86_64 (1)\plugins\org.antlr.runtime_3.2.0.v201101311130.jar;C:\Users\DELL\Downloads\wollok-win32.win32.x86_64 (1)\plugins\com.google.inject_3.0.0.v201605172100.jar;C:\Users\DELL\Downloads\wollok-win32.win32.x86_64 (1)\plugins\org.eclipse.emf.mwe.core_1.5.1.v20191121-1148.jar;C:\Users\DELL\Downloads\wollok-win32.win32.x86_64 (1)\plugins\org.apache.commons.cli_1.2.0.v201404270220.jar;C:\Users\DELL\Downloads\wollok-win32.win32.x86_64 (1)\plugins\org.eclipse.emf.mwe2.runtime_2.11.1.v20191121-1148.jar;C:\Users\DELL\Downloads\wollok-win32.win32.x86_64 (1)\plugins\org.eclipse.emf.mwe.utils_1.5.1.v20191121-1148.jar;C:\Users\DELL\Downloads\wollok-win32.win32.x86_64 (1)\plugins\org.eclipse.xtext.util_2.20.0.v20191202-0915.jar;C:\Users\DELL\Downloads\wollok-win32.win32.x86_64 (1)\plugins\com.google.guava_27.1.0.v20190517-1946.jar;C:\Users\DELL\Downloads\wollok-win32.win32.x86_64 (1)\plugins\javax.inject_1.0.0.v20091030.jar;C:\Users\DELL\Downloads\wollok-win32.win32.x86_64 (1)\plugins\org.eclipse.xtext.generator_2.20.0.v20191202-0933.jar;C:\Users\DELL\Downloads\wollok-win32.win32.x86_64 (1)\plugins\org.eclipse.xtext.xtext.generator_2.20.0.v20191202-0915.jar;C:\Users\DELL\Downloads\wollok-win32.win32.x86_64 (1)\plugins\org.eclipse.xtext.xbase.lib_2.20.0.v20191202-0907.jar;C:\Users\DELL\Downloads\wollok-win32.win32.x
Launcher Type: SUN_STANDARD

Environment Variables:
PATH=C:/Program Files/Eclipse Adoptium/jdk-8.0.345.1-hotspot/bin/../jre/bin/server;C:/Program Files/Eclipse Adoptium/jdk-8.0.345.1-hotspot/bin/../jre/bin;C:/Program Files/Eclipse Adoptium/jdk-8.0.345.1-hotspot/bin/../jre/lib/amd64;C:\Program Files\Eclipse Adoptium\jdk-8.0.345.1-hotspot\bin;C:\Windows\system32;C:\Windows;C:\Windows\System32\Wbem;C:\Windows\System32\WindowsPowerShell\v1.0\;C:\Windows\System32\OpenSSH\;C:\Program Files\dotnet\;C:\Program Files\Git\cmd;C:\Program Files\swipl\bin;C:\TDM-GCC-64\bin;C:\xampp\php;C:\ProgramData\ComposerSetup\bin;C:\Users\DELL\AppData\Roaming\local\bin;C:\Users\DELL\AppData\Local\Microsoft\WindowsApps;;C:\Users\DELL\AppData\Local\Programs\Microsoft VS Code\bin;C:\Users\DELL\AppData\Roaming\Composer\vendor\bin;C:\Users\DELL\Downloads\wollok-win32.win32.x86_64 (1);
USERNAME=DELL
OS=Windows_NT
PROCESSOR_IDENTIFIER=Intel64 Family 6 Model 140 Stepping 1, GenuineIntel



---------------  S Y S T E M  ---------------

OS: Windows 10.0 , 64 bit Build 19041 (10.0.19041.1889)

CPU:total 8 (initial active 8) (4 cores per cpu, 2 threads per core) family 6 model 140 stepping 1, cmov, cx8, fxsr, mmx, sse, sse2, sse3, ssse3, sse4.1, sse4.2, popcnt, avx, avx2, aes, clmul, erms, 3dnowpref, lzcnt, ht, tsc, tscinvbit, bmi1, bmi2, adx

Memory: 4k page, physical 16493352k(7820044k free), swap 18983720k(8304060k free)

vm_info: OpenJDK 64-Bit Server VM (25.345-b01) for windows-amd64 JRE (1.8.0_345-b01), built on Aug  2 2022 10:16:38 by "jenkins" with MS VC++ 12.0 (VS2013)

time: Thu Oct 20 23:21:42 2022
timezone: Hora estándar de Argentina
elapsed time: 4.756692 seconds (0d 0h 0m 4s)

